Custom_Object_Detection_App/app/build/intermediates/manifest_merge_blame_file/debug/manifest-merger-blame-debug-report.txt
1<?xml version="1.0" encoding="utf-8"?>
2<manifest xmlns:android="http://schemas.android.com/apk/res/android"
3    package="com.example.imagepro"
4    android:versionCode="1"
5    android:versionName="1.0" >
6
7    <uses-sdk
8        android:minSdkVersion="21"
8-->src\main\AndroidManifest.xml
9        android:targetSdkVersion="29" />
9-->src\main\AndroidManifest.xml
10
11    <uses-permission android:name="android.permission.CAMERA" />
11-->src\main\AndroidManifest.xml:5:5-65
11-->src\main\AndroidManifest.xml:5:22-62
12
13    <uses-feature
13-->src\main\AndroidManifest.xml:7:5-9:36
14        android:name="android.hardware.camera"
14-->src\main\AndroidManifest.xml:8:9-47
15        android:required="false" />
15-->src\main\AndroidManifest.xml:9:9-33
16    <uses-feature
16-->src\main\AndroidManifest.xml:10:5-12:36
17        android:name="android.hardware.camera.autofocus"
17-->src\main\AndroidManifest.xml:11:9-57
18        android:required="false" />
18-->src\main\AndroidManifest.xml:12:9-33
19    <uses-feature
19-->src\main\AndroidManifest.xml:13:5-15:36
20        android:name="android.hardware.camera.front"
20-->src\main\AndroidManifest.xml:14:9-53
21        android:required="false" />
21-->src\main\AndroidManifest.xml:15:9-33
22    <uses-feature
22-->src\main\AndroidManifest.xml:16:5-18:36
23        android:name="android.hardware.camera.front.autofocus"
23-->src\main\AndroidManifest.xml:17:9-63
24        android:required="false" />
24-->src\main\AndroidManifest.xml:18:9-33
25
26    <uses-permission android:name="android.permission.WRITE_EXTERNAL_STORAGE" />
27    <uses-permission android:name="android.permission.READ_PHONE_STATE" />
28    <uses-permission android:name="android.permission.READ_EXTERNAL_STORAGE" />
29
30    <application
30-->src\main\AndroidManifest.xml:20:5-38:19
31        android:allowBackup="true"
31-->src\main\AndroidManifest.xml:21:9-35
32        android:appComponentFactory="androidx.core.app.CoreComponentFactory"
32-->[androidx.core:core:1.3.1] AndroidManifest.xml:24:18-86
33        android:debuggable="true"
34        android:icon="@mipmap/ic_launcher"
34-->src\main\AndroidManifest.xml:22:9-43
35        android:label="@string/app_name"
35-->src\main\AndroidManifest.xml:23:9-41
36        android:roundIcon="@mipmap/ic_launcher_round"
36-->src\main\AndroidManifest.xml:24:9-54
37        android:supportsRtl="true"
37-->src\main\AndroidManifest.xml:25:9-35
38        android:testOnly="true"
39        android:theme="@style/Theme.ImagePro" >
39-->src\main\AndroidManifest.xml:26:9-46
40        <activity
40-->src\main\AndroidManifest.xml:27:9-29:40
41            android:name="com.example.imagepro.StoragePredictionActivity"
41-->src\main\AndroidManifest.xml:28:13-54
42            android:exported="false" />
42-->src\main\AndroidManifest.xml:29:13-37
43        <activity android:name="com.example.imagepro.CameraActivity" />
43-->src\main\AndroidManifest.xml:30:9-52
43-->src\main\AndroidManifest.xml:30:19-49
44        <activity android:name="com.example.imagepro.MainActivity" >
44-->src\main\AndroidManifest.xml:31:9-37:20
44-->src\main\AndroidManifest.xml:31:19-47
45            <intent-filter>
45-->src\main\AndroidManifest.xml:32:13-36:29
46                <action android:name="android.intent.action.MAIN" />
46-->src\main\AndroidManifest.xml:33:17-69
46-->src\main\AndroidManifest.xml:33:25-66
47
48                <category android:name="android.intent.category.LAUNCHER" />
48-->src\main\AndroidManifest.xml:35:17-77
48-->src\main\AndroidManifest.xml:35:27-74
49            </intent-filter>
50        </activity>
51    </application>
52
53</manifest>